<?xml version="1.0" encoding="UTF-8"?>
<testsuite xmlns:xsi="http://www.w3.org/2001/XMLSchema-instance" xsi:noNamespaceSchemaLocation="https://maven.apache.org/surefire/maven-surefire-plugin/xsd/surefire-test-report-3.0.xsd" version="3.0" name="SudokuBoardTest" time="0.344" tests="13" errors="0" skipped="0" failures="0">
  <properties>
[...]
</properties>
  <testcase name="daoInterfaceWriteAndReadCheck" classname="SudokuBoardTest" time="0.044"/>
  <testcase name="segmentCloneMethod" classname="SudokuBoardTest" time="0.098"/>
  <testcase name="hashCodeIsDifferentForBoards" classname="SudokuBoardTest" time="0.024"/>
  <testcase name="getRowAndColumnMethodsVerification" classname="SudokuBoardTest" time="0.009"/>
  <testcase name="testEqualsMethodForSegment" classname="SudokuBoardTest" time="0.007"/>
  <testcase name="fieldCloneMethod" classname="SudokuBoardTest" time="0.003"/>
  <testcase name="IfGeneratesNewBoards" classname="SudokuBoardTest" time="0.017"/>
  <testcase name="difficultyLevelImplementation" classname="SudokuBoardTest" time="0.019"/>
  <testcase name="checkBoardMeetsSudokuGameRules" classname="SudokuBoardTest" time="0.004"/>
  <testcase name="testEqualsMethodForBoards" classname="SudokuBoardTest" time="0.012"/>
  <testcase name="DoesSolutionMeetSudokuRules" classname="SudokuBoardTest" time="0.004"/>
  <testcase name="hashCodeIsDifferentForSegments" classname="SudokuBoardTest" time="0.009"/>
  <testcase name="boardCloneMethod" classname="SudokuBoardTest" time="0.024"/>
</testsuite>